0 verbose cli C:\Program Files\nodejs\node.exe C:\Program Files\nodejs\node_modules\npm\bin\npm-cli.js
1 info using npm@10.8.2
2 info using node@v20.19.6
3 silly config load:file:C:\Program Files\nodejs\node_modules\npm\npmrc
4 silly config load:file:E:\v0-importgithubrepositorymain\.npmrc
5 silly config load:file:C:\Users\Mohmed Aimen Raed\.npmrc
6 silly config load:file:C:\Users\Mohmed Aimen Raed\AppData\Roaming\npm\etc\npmrc
7 verbose title npm install
8 verbose argv "install"
9 verbose logfile logs-max:10 dir:C:\Users\Mohmed Aimen Raed\AppData\Local\npm-cache\_logs\2025-12-16T11_13_59_314Z-
10 verbose logfile C:\Users\Mohmed Aimen Raed\AppData\Local\npm-cache\_logs\2025-12-16T11_13_59_314Z-debug-0.log
11 silly packumentCache heap:4345298944 maxSize:1086324736 maxEntrySize:543162368
12 silly logfile start cleaning logs, removing 2 files
13 silly logfile error removing log file C:\Users\Mohmed Aimen Raed\AppData\Local\npm-cache\_logs\2025-12-16T06_35_10_358Z-debug-0.log [Error: EPERM: operation not permitted, lstat 'C:\Users\Mohmed Aimen Raed\AppData\Local\npm-cache\_logs\2025-12-16T06_35_10_358Z-debug-0.log'] {
13 silly logfile   errno: -4048,
13 silly logfile   code: 'EPERM',
13 silly logfile   syscall: 'lstat',
13 silly logfile   path: 'C:\\Users\\Mohmed Aimen Raed\\AppData\\Local\\npm-cache\\_logs\\2025-12-16T06_35_10_358Z-debug-0.log'
13 silly logfile }
14 silly logfile done cleaning log files
15 silly idealTree buildDeps
16 silly fetch manifest @emotion/is-prop-valid@latest
17 silly packumentCache full:https://registry.npmjs.org/@emotion%2fis-prop-valid cache-miss
18 http fetch GET 200 https://registry.npmjs.org/@emotion%2fis-prop-valid 629ms (cache revalidated)
19 silly packumentCache full:https://registry.npmjs.org/@emotion%2fis-prop-valid set size:96664 disposed:false
20 silly fetch manifest @emotion/react@11.14.0
21 silly packumentCache full:https://registry.npmjs.org/@emotion%2freact cache-miss
22 http fetch GET 200 https://registry.npmjs.org/@emotion%2freact 298ms (cache miss)
23 silly packumentCache full:https://registry.npmjs.org/@emotion%2freact set size:undefined disposed:false
24 silly fetch manifest react@19.2.3
25 silly packumentCache full:https://registry.npmjs.org/react cache-miss
26 http fetch GET 200 https://registry.npmjs.org/react 397ms (cache updated)
27 silly packumentCache full:https://registry.npmjs.org/react set size:undefined disposed:false
28 silly fetch manifest @emotion/styled@11.14.1
29 silly packumentCache full:https://registry.npmjs.org/@emotion%2fstyled cache-miss
30 http fetch GET 200 https://registry.npmjs.org/@emotion%2fstyled 334ms (cache miss)
31 silly packumentCache full:https://registry.npmjs.org/@emotion%2fstyled set size:undefined disposed:false
32 silly fetch manifest @mui/icons-material@7.3.5
33 silly packumentCache full:https://registry.npmjs.org/@mui%2ficons-material cache-miss
34 http fetch GET 200 https://registry.npmjs.org/@mui%2ficons-material 316ms (cache miss)
35 silly packumentCache full:https://registry.npmjs.org/@mui%2ficons-material set size:undefined disposed:false
36 silly fetch manifest @mui/material@7.3.5
37 silly packumentCache full:https://registry.npmjs.org/@mui%2fmaterial cache-miss
38 http fetch GET 200 https://registry.npmjs.org/@mui%2fmaterial 344ms (cache miss)
39 silly packumentCache full:https://registry.npmjs.org/@mui%2fmaterial set size:undefined disposed:false
40 silly fetch manifest @mui/material-pigment-css@latest
41 silly packumentCache full:https://registry.npmjs.org/@mui%2fmaterial-pigment-css cache-miss
42 http fetch GET 200 https://registry.npmjs.org/@mui%2fmaterial-pigment-css 308ms (cache miss)
43 silly packumentCache full:https://registry.npmjs.org/@mui%2fmaterial-pigment-css set size:undefined disposed:false
44 silly fetch manifest @pigment-css/react@latest
45 silly packumentCache full:https://registry.npmjs.org/@pigment-css%2freact cache-miss
46 http fetch GET 200 https://registry.npmjs.org/@pigment-css%2freact 307ms (cache miss)
47 silly packumentCache full:https://registry.npmjs.org/@pigment-css%2freact set size:undefined disposed:false
48 silly fetch manifest @types/react@19.2.7
49 silly packumentCache full:https://registry.npmjs.org/@types%2freact cache-miss
50 http fetch GET 200 https://registry.npmjs.org/@types%2freact 117ms (cache revalidated)
51 silly packumentCache full:https://registry.npmjs.org/@types%2freact set size:2541992 disposed:false
52 silly fetch manifest react-dom@19.2.3
53 silly packumentCache full:https://registry.npmjs.org/react-dom cache-miss
54 http fetch GET 200 https://registry.npmjs.org/react-dom 252ms (cache updated)
55 silly packumentCache full:https://registry.npmjs.org/react-dom set size:undefined disposed:false
56 silly fetch manifest @popperjs/core@2.11.8
57 silly packumentCache full:https://registry.npmjs.org/@popperjs%2fcore cache-miss
58 http fetch GET 200 https://registry.npmjs.org/@popperjs%2fcore 192ms (cache miss)
59 silly packumentCache full:https://registry.npmjs.org/@popperjs%2fcore set size:undefined disposed:false
60 silly fetch manifest @radix-ui/react-accordion@1.2.3
61 silly packumentCache full:https://registry.npmjs.org/@radix-ui%2freact-accordion cache-miss
62 http fetch GET 200 https://registry.npmjs.org/@radix-ui%2freact-accordion 238ms (cache miss)
63 silly packumentCache full:https://registry.npmjs.org/@radix-ui%2freact-accordion set size:undefined disposed:false
64 silly fetch manifest @types/react-dom@19.2.3
65 silly packumentCache full:https://registry.npmjs.org/@types%2freact-dom cache-miss
66 http fetch GET 200 https://registry.npmjs.org/@types%2freact-dom 107ms (cache revalidated)
67 silly packumentCache full:https://registry.npmjs.org/@types%2freact-dom set size:429026 disposed:false
68 silly fetch manifest @radix-ui/react-alert-dialog@1.1.6
69 silly packumentCache full:https://registry.npmjs.org/@radix-ui%2freact-alert-dialog cache-miss
70 http fetch GET 200 https://registry.npmjs.org/@radix-ui%2freact-alert-dialog 277ms (cache miss)
71 silly packumentCache full:https://registry.npmjs.org/@radix-ui%2freact-alert-dialog set size:undefined disposed:false
72 silly fetch manifest @radix-ui/react-aspect-ratio@1.1.2
73 silly packumentCache full:https://registry.npmjs.org/@radix-ui%2freact-aspect-ratio cache-miss
74 http fetch GET 200 https://registry.npmjs.org/@radix-ui%2freact-aspect-ratio 240ms (cache miss)
75 silly packumentCache full:https://registry.npmjs.org/@radix-ui%2freact-aspect-ratio set size:undefined disposed:false
76 silly fetch manifest @radix-ui/react-avatar@1.1.3
77 silly packumentCache full:https://registry.npmjs.org/@radix-ui%2freact-avatar cache-miss
78 http fetch GET 200 https://registry.npmjs.org/@radix-ui%2freact-avatar 237ms (cache miss)
79 silly packumentCache full:https://registry.npmjs.org/@radix-ui%2freact-avatar set size:undefined disposed:false
80 silly fetch manifest @radix-ui/react-checkbox@1.1.4
81 silly packumentCache full:https://registry.npmjs.org/@radix-ui%2freact-checkbox cache-miss
82 http fetch GET 200 https://registry.npmjs.org/@radix-ui%2freact-checkbox 244ms (cache miss)
83 silly packumentCache full:https://registry.npmjs.org/@radix-ui%2freact-checkbox set size:undefined disposed:false
84 silly fetch manifest @radix-ui/react-collapsible@1.1.3
85 silly packumentCache full:https://registry.npmjs.org/@radix-ui%2freact-collapsible cache-miss
86 http fetch GET 200 https://registry.npmjs.org/@radix-ui%2freact-collapsible 292ms (cache miss)
87 silly packumentCache full:https://registry.npmjs.org/@radix-ui%2freact-collapsible set size:undefined disposed:false
88 silly fetch manifest @radix-ui/react-context-menu@2.2.6
89 silly packumentCache full:https://registry.npmjs.org/@radix-ui%2freact-context-menu cache-miss
90 http fetch GET 200 https://registry.npmjs.org/@radix-ui%2freact-context-menu 230ms (cache miss)
91 silly packumentCache full:https://registry.npmjs.org/@radix-ui%2freact-context-menu set size:undefined disposed:false
92 silly fetch manifest @radix-ui/react-dialog@1.1.6
93 silly packumentCache full:https://registry.npmjs.org/@radix-ui%2freact-dialog cache-miss
94 http fetch GET 200 https://registry.npmjs.org/@radix-ui%2freact-dialog 246ms (cache miss)
95 silly packumentCache full:https://registry.npmjs.org/@radix-ui%2freact-dialog set size:undefined disposed:false
96 silly fetch manifest @radix-ui/react-dropdown-menu@2.1.6
97 silly packumentCache full:https://registry.npmjs.org/@radix-ui%2freact-dropdown-menu cache-miss
98 http fetch GET 200 https://registry.npmjs.org/@radix-ui%2freact-dropdown-menu 273ms (cache miss)
99 silly packumentCache full:https://registry.npmjs.org/@radix-ui%2freact-dropdown-menu set size:undefined disposed:false
100 silly fetch manifest @radix-ui/react-hover-card@1.1.6
101 silly packumentCache full:https://registry.npmjs.org/@radix-ui%2freact-hover-card cache-miss
102 http fetch GET 200 https://registry.npmjs.org/@radix-ui%2freact-hover-card 278ms (cache miss)
103 silly packumentCache full:https://registry.npmjs.org/@radix-ui%2freact-hover-card set size:undefined disposed:false
104 silly fetch manifest @radix-ui/react-label@2.1.2
105 silly packumentCache full:https://registry.npmjs.org/@radix-ui%2freact-label cache-miss
106 http fetch GET 200 https://registry.npmjs.org/@radix-ui%2freact-label 237ms (cache miss)
107 silly packumentCache full:https://registry.npmjs.org/@radix-ui%2freact-label set size:undefined disposed:false
108 silly fetch manifest @radix-ui/react-menubar@1.1.6
109 silly packumentCache full:https://registry.npmjs.org/@radix-ui%2freact-menubar cache-miss
110 http fetch GET 200 https://registry.npmjs.org/@radix-ui%2freact-menubar 240ms (cache miss)
111 silly packumentCache full:https://registry.npmjs.org/@radix-ui%2freact-menubar set size:undefined disposed:false
112 silly fetch manifest @radix-ui/react-navigation-menu@1.2.5
113 silly packumentCache full:https://registry.npmjs.org/@radix-ui%2freact-navigation-menu cache-miss
114 http fetch GET 200 https://registry.npmjs.org/@radix-ui%2freact-navigation-menu 258ms (cache miss)
115 silly packumentCache full:https://registry.npmjs.org/@radix-ui%2freact-navigation-menu set size:undefined disposed:false
116 silly fetch manifest @radix-ui/react-popover@1.1.6
117 silly packumentCache full:https://registry.npmjs.org/@radix-ui%2freact-popover cache-miss
118 http fetch GET 200 https://registry.npmjs.org/@radix-ui%2freact-popover 301ms (cache miss)
119 silly packumentCache full:https://registry.npmjs.org/@radix-ui%2freact-popover set size:undefined disposed:false
120 silly fetch manifest @radix-ui/react-progress@1.1.2
121 silly packumentCache full:https://registry.npmjs.org/@radix-ui%2freact-progress cache-miss
122 http fetch GET 200 https://registry.npmjs.org/@radix-ui%2freact-progress 261ms (cache miss)
123 silly packumentCache full:https://registry.npmjs.org/@radix-ui%2freact-progress set size:undefined disposed:false
124 silly fetch manifest @radix-ui/react-radio-group@1.2.3
125 silly packumentCache full:https://registry.npmjs.org/@radix-ui%2freact-radio-group cache-miss
126 http fetch GET 200 https://registry.npmjs.org/@radix-ui%2freact-radio-group 300ms (cache miss)
127 silly packumentCache full:https://registry.npmjs.org/@radix-ui%2freact-radio-group set size:undefined disposed:false
128 silly fetch manifest @radix-ui/react-scroll-area@1.2.3
129 silly packumentCache full:https://registry.npmjs.org/@radix-ui%2freact-scroll-area cache-miss
130 http fetch GET 200 https://registry.npmjs.org/@radix-ui%2freact-scroll-area 251ms (cache miss)
131 silly packumentCache full:https://registry.npmjs.org/@radix-ui%2freact-scroll-area set size:undefined disposed:false
132 silly fetch manifest @radix-ui/react-select@2.1.6
133 silly packumentCache full:https://registry.npmjs.org/@radix-ui%2freact-select cache-miss
134 http fetch GET 200 https://registry.npmjs.org/@radix-ui%2freact-select 303ms (cache miss)
135 silly packumentCache full:https://registry.npmjs.org/@radix-ui%2freact-select set size:undefined disposed:false
136 silly fetch manifest @radix-ui/react-separator@1.1.2
137 silly packumentCache full:https://registry.npmjs.org/@radix-ui%2freact-separator cache-miss
138 http fetch GET 200 https://registry.npmjs.org/@radix-ui%2freact-separator 340ms (cache miss)
139 silly packumentCache full:https://registry.npmjs.org/@radix-ui%2freact-separator set size:undefined disposed:false
140 silly fetch manifest @radix-ui/react-slider@1.2.3
141 silly packumentCache full:https://registry.npmjs.org/@radix-ui%2freact-slider cache-miss
142 http fetch GET 200 https://registry.npmjs.org/@radix-ui%2freact-slider 298ms (cache miss)
143 silly packumentCache full:https://registry.npmjs.org/@radix-ui%2freact-slider set size:undefined disposed:false
144 silly fetch manifest @radix-ui/react-slot@1.1.2
145 silly packumentCache full:https://registry.npmjs.org/@radix-ui%2freact-slot cache-miss
146 http fetch GET 200 https://registry.npmjs.org/@radix-ui%2freact-slot 299ms (cache miss)
147 silly packumentCache full:https://registry.npmjs.org/@radix-ui%2freact-slot set size:undefined disposed:false
148 silly fetch manifest @radix-ui/react-switch@1.1.3
149 silly packumentCache full:https://registry.npmjs.org/@radix-ui%2freact-switch cache-miss
150 http fetch GET 200 https://registry.npmjs.org/@radix-ui%2freact-switch 316ms (cache miss)
151 silly packumentCache full:https://registry.npmjs.org/@radix-ui%2freact-switch set size:undefined disposed:false
152 silly fetch manifest @radix-ui/react-tabs@1.1.3
153 silly packumentCache full:https://registry.npmjs.org/@radix-ui%2freact-tabs cache-miss
154 http fetch GET 200 https://registry.npmjs.org/@radix-ui%2freact-tabs 343ms (cache miss)
155 silly packumentCache full:https://registry.npmjs.org/@radix-ui%2freact-tabs set size:undefined disposed:false
156 silly fetch manifest @radix-ui/react-toast@1.2.15
157 silly packumentCache full:https://registry.npmjs.org/@radix-ui%2freact-toast cache-miss
158 http fetch GET 200 https://registry.npmjs.org/@radix-ui%2freact-toast 298ms (cache miss)
159 silly packumentCache full:https://registry.npmjs.org/@radix-ui%2freact-toast set size:undefined disposed:false
160 silly fetch manifest @radix-ui/react-toggle@1.1.2
161 silly packumentCache full:https://registry.npmjs.org/@radix-ui%2freact-toggle cache-miss
162 http fetch GET 200 https://registry.npmjs.org/@radix-ui%2freact-toggle 305ms (cache miss)
163 silly packumentCache full:https://registry.npmjs.org/@radix-ui%2freact-toggle set size:undefined disposed:false
164 silly fetch manifest @radix-ui/react-toggle-group@1.1.2
165 silly packumentCache full:https://registry.npmjs.org/@radix-ui%2freact-toggle-group cache-miss
166 http fetch GET 200 https://registry.npmjs.org/@radix-ui%2freact-toggle-group 437ms (cache miss)
167 silly packumentCache full:https://registry.npmjs.org/@radix-ui%2freact-toggle-group set size:undefined disposed:false
168 silly fetch manifest @radix-ui/react-tooltip@1.1.8
169 silly packumentCache full:https://registry.npmjs.org/@radix-ui%2freact-tooltip cache-miss
170 http fetch GET 200 https://registry.npmjs.org/@radix-ui%2freact-tooltip 412ms (cache miss)
171 silly packumentCache full:https://registry.npmjs.org/@radix-ui%2freact-tooltip set size:undefined disposed:false
172 silly fetch manifest @types/hoist-non-react-statics@latest
173 silly packumentCache full:https://registry.npmjs.org/@types%2fhoist-non-react-statics cache-miss
174 http fetch GET 200 https://registry.npmjs.org/@types%2fhoist-non-react-statics 254ms (cache miss)
175 silly packumentCache full:https://registry.npmjs.org/@types%2fhoist-non-react-statics set size:undefined disposed:false
176 silly fetch manifest @vercel/analytics@1.6.1
177 silly packumentCache full:https://registry.npmjs.org/@vercel%2fanalytics cache-miss
178 http fetch GET 200 https://registry.npmjs.org/@vercel%2fanalytics 879ms (cache miss)
179 silly packumentCache full:https://registry.npmjs.org/@vercel%2fanalytics set size:undefined disposed:false
180 silly fetch manifest @remix-run/react@^2
181 silly packumentCache full:https://registry.npmjs.org/@remix-run%2freact cache-miss
182 http fetch GET 200 https://registry.npmjs.org/@remix-run%2freact 373ms (cache miss)
183 silly packumentCache full:https://registry.npmjs.org/@remix-run%2freact set size:undefined disposed:false
184 silly fetch manifest react@^18.0.0
185 silly packumentCache full:https://registry.npmjs.org/react cache-miss
186 http fetch GET 200 https://registry.npmjs.org/react 14ms (cache hit)
187 silly packumentCache full:https://registry.npmjs.org/react set size:6350760 disposed:false
188 silly fetch manifest react-dom@^18.0.0
189 silly packumentCache full:https://registry.npmjs.org/react-dom cache-miss
190 http fetch GET 200 https://registry.npmjs.org/react-dom 18ms (cache hit)
191 silly packumentCache full:https://registry.npmjs.org/react-dom set size:8354993 disposed:false
192 silly fetch manifest typescript@5.9.3
193 silly packumentCache full:https://registry.npmjs.org/typescript cache-miss
194 http fetch GET 200 https://registry.npmjs.org/typescript 462ms (cache updated)
195 silly packumentCache full:https://registry.npmjs.org/typescript set size:undefined disposed:false
196 silly fetch manifest @sveltejs/kit@^1 || ^2
197 silly packumentCache full:https://registry.npmjs.org/@sveltejs%2fkit cache-miss
198 http fetch GET 200 https://registry.npmjs.org/@sveltejs%2fkit 373ms (cache miss)
199 silly packumentCache full:https://registry.npmjs.org/@sveltejs%2fkit set size:undefined disposed:false
200 silly fetch manifest @opentelemetry/api@^1.0.0
201 silly packumentCache full:https://registry.npmjs.org/@opentelemetry%2fapi cache-miss
202 http fetch GET 200 https://registry.npmjs.org/@opentelemetry%2fapi 179ms (cache revalidated)
203 silly packumentCache full:https://registry.npmjs.org/@opentelemetry%2fapi set size:455567 disposed:false
204 silly fetch manifest @sveltejs/vite-plugin-svelte@^3.0.0 || ^4.0.0-next.1 || ^5.0.0 || ^6.0.0-next.0
205 silly packumentCache full:https://registry.npmjs.org/@sveltejs%2fvite-plugin-svelte cache-miss
206 http fetch GET 200 https://registry.npmjs.org/@sveltejs%2fvite-plugin-svelte 300ms (cache miss)
207 silly packumentCache full:https://registry.npmjs.org/@sveltejs%2fvite-plugin-svelte set size:undefined disposed:false
208 silly fetch manifest svelte@^5.0.0
209 silly packumentCache full:https://registry.npmjs.org/svelte cache-miss
210 http fetch GET 200 https://registry.npmjs.org/svelte 262ms (cache miss)
211 silly packumentCache full:https://registry.npmjs.org/svelte set size:undefined disposed:false
212 silly fetch manifest vite@6.3.5
213 silly packumentCache full:https://registry.npmjs.org/vite cache-miss
214 http fetch GET 200 https://registry.npmjs.org/vite 1416ms (cache updated)
215 silly packumentCache full:https://registry.npmjs.org/vite set size:undefined disposed:false
216 silly fetch manifest @types/node@25.0.2
217 silly packumentCache full:https://registry.npmjs.org/@types%2fnode cache-miss
218 http fetch GET 200 https://registry.npmjs.org/@types%2fnode 129ms (cache revalidated)
219 silly packumentCache full:https://registry.npmjs.org/@types%2fnode set size:10729294 disposed:false
220 silly fetch manifest jiti@latest
221 silly packumentCache full:https://registry.npmjs.org/jiti cache-miss
222 http fetch GET 200 https://registry.npmjs.org/jiti 85ms (cache revalidated)
223 silly packumentCache full:https://registry.npmjs.org/jiti set size:382310 disposed:false
224 silly fetch manifest less@latest
225 silly packumentCache full:https://registry.npmjs.org/less cache-miss
226 http fetch GET 200 https://registry.npmjs.org/less 88ms (cache revalidated)
227 silly packumentCache full:https://registry.npmjs.org/less set size:430648 disposed:false
228 silly fetch manifest lightningcss@latest
229 silly packumentCache full:https://registry.npmjs.org/lightningcss cache-miss
230 http fetch GET 200 https://registry.npmjs.org/lightningcss 96ms (cache revalidated)
231 silly packumentCache full:https://registry.npmjs.org/lightningcss set size:173815 disposed:false
232 silly fetch manifest sass@latest
233 silly packumentCache full:https://registry.npmjs.org/sass cache-miss
234 http fetch GET 200 https://registry.npmjs.org/sass 97ms (cache updated)
235 silly packumentCache full:https://registry.npmjs.org/sass set size:undefined disposed:false
236 silly fetch manifest sass-embedded@latest
237 silly packumentCache full:https://registry.npmjs.org/sass-embedded cache-miss
238 http fetch GET 200 https://registry.npmjs.org/sass-embedded 90ms (cache updated)
239 silly packumentCache full:https://registry.npmjs.org/sass-embedded set size:undefined disposed:false
240 silly fetch manifest stylus@latest
241 silly packumentCache full:https://registry.npmjs.org/stylus cache-miss
242 http fetch GET 200 https://registry.npmjs.org/stylus 89ms (cache revalidated)
243 silly packumentCache full:https://registry.npmjs.org/stylus set size:286766 disposed:false
244 silly fetch manifest sugarss@latest
245 silly packumentCache full:https://registry.npmjs.org/sugarss cache-miss
246 http fetch GET 200 https://registry.npmjs.org/sugarss 79ms (cache revalidated)
247 silly packumentCache full:https://registry.npmjs.org/sugarss set size:44975 disposed:false
248 silly fetch manifest postcss@8.5.6
249 silly packumentCache full:https://registry.npmjs.org/postcss cache-miss
250 http fetch GET 200 https://registry.npmjs.org/postcss 88ms (cache revalidated)
251 silly packumentCache full:https://registry.npmjs.org/postcss set size:696248 disposed:false
252 silly fetch manifest terser@latest
253 silly packumentCache full:https://registry.npmjs.org/terser cache-miss
254 http fetch GET 200 https://registry.npmjs.org/terser 581ms (cache revalidated)
255 silly packumentCache full:https://registry.npmjs.org/terser set size:780033 disposed:false
256 silly fetch manifest tsx@latest
257 silly packumentCache full:https://registry.npmjs.org/tsx cache-miss
258 http fetch GET 200 https://registry.npmjs.org/tsx 83ms (cache revalidated)
259 silly packumentCache full:https://registry.npmjs.org/tsx set size:289592 disposed:false
260 silly fetch manifest yaml@latest
261 silly packumentCache full:https://registry.npmjs.org/yaml cache-miss
262 http fetch GET 200 https://registry.npmjs.org/yaml 89ms (cache revalidated)
263 silly packumentCache full:https://registry.npmjs.org/yaml set size:364997 disposed:false
264 silly fetch manifest next@16.0.10
265 silly packumentCache full:https://registry.npmjs.org/next cache-miss
266 http fetch GET 200 https://registry.npmjs.org/next 513ms (cache updated)
267 silly packumentCache full:https://registry.npmjs.org/next set size:undefined disposed:false
268 silly fetch manifest @playwright/test@^1.51.1
269 silly packumentCache full:https://registry.npmjs.org/@playwright%2ftest cache-miss
270 http fetch GET 200 https://registry.npmjs.org/@playwright%2ftest 333ms (cache updated)
271 silly packumentCache full:https://registry.npmjs.org/@playwright%2ftest set size:undefined disposed:false
272 silly fetch manifest babel-plugin-react-compiler@*
273 silly packumentCache full:https://registry.npmjs.org/babel-plugin-react-compiler cache-miss
274 http fetch GET 200 https://registry.npmjs.org/babel-plugin-react-compiler 91ms (cache updated)
275 silly packumentCache full:https://registry.npmjs.org/babel-plugin-react-compiler set size:undefined disposed:false
276 silly fetch manifest vue@^3
277 silly packumentCache full:https://registry.npmjs.org/vue cache-miss
278 http fetch GET 200 https://registry.npmjs.org/vue 103ms (cache miss)
279 silly packumentCache full:https://registry.npmjs.org/vue set size:undefined disposed:false
280 silly fetch manifest vue-router@^4
281 silly packumentCache full:https://registry.npmjs.org/vue-router cache-miss
282 http fetch GET 200 https://registry.npmjs.org/vue-router 96ms (cache miss)
283 silly packumentCache full:https://registry.npmjs.org/vue-router set size:undefined disposed:false
284 silly fetch manifest class-variance-authority@0.7.1
285 silly packumentCache full:https://registry.npmjs.org/class-variance-authority cache-miss
286 http fetch GET 200 https://registry.npmjs.org/class-variance-authority 83ms (cache miss)
287 silly packumentCache full:https://registry.npmjs.org/class-variance-authority set size:undefined disposed:false
288 silly fetch manifest clsx@2.1.1
289 silly packumentCache full:https://registry.npmjs.org/clsx cache-miss
290 http fetch GET 200 https://registry.npmjs.org/clsx 150ms (cache revalidated)
291 silly packumentCache full:https://registry.npmjs.org/clsx set size:42506 disposed:false
292 silly fetch manifest cmdk@1.1.1
293 silly packumentCache full:https://registry.npmjs.org/cmdk cache-miss
294 http fetch GET 200 https://registry.npmjs.org/cmdk 90ms (cache miss)
295 silly packumentCache full:https://registry.npmjs.org/cmdk set size:undefined disposed:false
296 silly fetch manifest date-fns@3.6.0
297 silly packumentCache full:https://registry.npmjs.org/date-fns cache-miss
298 http fetch GET 200 https://registry.npmjs.org/date-fns 257ms (cache miss)
299 silly packumentCache full:https://registry.npmjs.org/date-fns set size:undefined disposed:false
300 silly fetch manifest embla-carousel-react@8.6.0
301 silly packumentCache full:https://registry.npmjs.org/embla-carousel-react cache-miss
302 http fetch GET 200 https://registry.npmjs.org/embla-carousel-react 157ms (cache miss)
303 silly packumentCache full:https://registry.npmjs.org/embla-carousel-react set size:undefined disposed:false
304 silly fetch manifest gsap@^3.14.2
305 silly packumentCache full:https://registry.npmjs.org/gsap cache-miss
306 http fetch GET 200 https://registry.npmjs.org/gsap 163ms (cache updated)
307 silly packumentCache full:https://registry.npmjs.org/gsap set size:undefined disposed:false
308 silly fetch manifest hooks@0.3.2
309 silly packumentCache full:https://registry.npmjs.org/hooks cache-miss
310 http fetch GET 200 https://registry.npmjs.org/hooks 174ms (cache miss)
311 silly packumentCache full:https://registry.npmjs.org/hooks set size:undefined disposed:false
312 silly fetch manifest input-otp@1.4.2
313 silly packumentCache full:https://registry.npmjs.org/input-otp cache-miss
314 http fetch GET 200 https://registry.npmjs.org/input-otp 97ms (cache miss)
315 silly packumentCache full:https://registry.npmjs.org/input-otp set size:undefined disposed:false
316 silly fetch manifest lib@5.1.0
317 silly packumentCache full:https://registry.npmjs.org/lib cache-miss
318 http fetch GET 200 https://registry.npmjs.org/lib 671ms (cache miss)
319 silly packumentCache full:https://registry.npmjs.org/lib set size:undefined disposed:false
320 silly fetch manifest lucide-react@0.487.0
321 silly packumentCache full:https://registry.npmjs.org/lucide-react cache-miss
322 http fetch GET 200 https://registry.npmjs.org/lucide-react 150ms (cache revalidated)
323 silly packumentCache full:https://registry.npmjs.org/lucide-react set size:2143943 disposed:false
324 silly fetch manifest motion@12.23.24
325 silly packumentCache full:https://registry.npmjs.org/motion cache-miss
326 http fetch GET 200 https://registry.npmjs.org/motion 168ms (cache miss)
327 silly packumentCache full:https://registry.npmjs.org/motion set size:undefined disposed:false
328 silly fetch manifest @opentelemetry/api@^1.1.0
329 silly packumentCache full:https://registry.npmjs.org/@opentelemetry%2fapi cache-hit
330 silly fetch manifest next-themes@0.4.6
331 silly packumentCache full:https://registry.npmjs.org/next-themes cache-miss
332 http fetch GET 200 https://registry.npmjs.org/next-themes 88ms (cache miss)
333 silly packumentCache full:https://registry.npmjs.org/next-themes set size:undefined disposed:false
334 silly fetch manifest react-day-picker@8.10.1
335 silly packumentCache full:https://registry.npmjs.org/react-day-picker cache-miss
336 http fetch GET 200 https://registry.npmjs.org/react-day-picker 148ms (cache miss)
337 silly packumentCache full:https://registry.npmjs.org/react-day-picker set size:undefined disposed:false
338 silly fetch manifest react@^16.8.0 || ^17.0.0 || ^18.0.0
339 silly packumentCache full:https://registry.npmjs.org/react cache-miss
340 http fetch GET 200 https://registry.npmjs.org/react 13ms (cache hit)
341 silly packumentCache full:https://registry.npmjs.org/react set size:6350760 disposed:false
342 verbose stack Error: unable to resolve dependency tree
342 verbose stack     at #failPeerConflict (C:\Program Files\nodejs\node_modules\npm\node_modules\@npmcli\arborist\lib\arborist\build-ideal-tree.js:1360:25)
342 verbose stack     at #loadPeerSet (C:\Program Files\nodejs\node_modules\npm\node_modules\@npmcli\arborist\lib\arborist\build-ideal-tree.js:1326:33)
342 verbose stack     at async #buildDepStep (C:\Program Files\nodejs\node_modules\npm\node_modules\@npmcli\arborist\lib\arborist\build-ideal-tree.js:901:11)
342 verbose stack     at async Arborist.buildIdealTree (C:\Program Files\nodejs\node_modules\npm\node_modules\@npmcli\arborist\lib\arborist\build-ideal-tree.js:181:7)
342 verbose stack     at async Promise.all (index 1)
342 verbose stack     at async Arborist.reify (C:\Program Files\nodejs\node_modules\npm\node_modules\@npmcli\arborist\lib\arborist\reify.js:131:5)
342 verbose stack     at async Install.exec (C:\Program Files\nodejs\node_modules\npm\lib\commands\install.js:150:5)
342 verbose stack     at async Npm.exec (C:\Program Files\nodejs\node_modules\npm\lib\npm.js:207:9)
342 verbose stack     at async module.exports (C:\Program Files\nodejs\node_modules\npm\lib\cli\entry.js:74:5)
343 error code ERESOLVE
344 error ERESOLVE unable to resolve dependency tree
345 error
346 error While resolving: @figma/my-make-file@0.0.1
346 error Found: react@19.2.3[2m[22m
346 error [2mnode_modules/react[22m
346 error   react@"19.2.3" from the root project
346 error
346 error Could not resolve dependency:
346 error [95mpeer[39m react@"^16.8.0 || ^17.0.0 || ^18.0.0" from react-day-picker@8.10.1[2m[22m
346 error [2mnode_modules/react-day-picker[22m
346 error   react-day-picker@"8.10.1" from the root project
346 error
346 error Fix the upstream dependency conflict, or retry
346 error this command with --force or --legacy-peer-deps
346 error to accept an incorrect (and potentially broken) dependency resolution.
347 error
347 error
347 error For a full report see:
347 error C:\Users\Mohmed Aimen Raed\AppData\Local\npm-cache\_logs\2025-12-16T11_13_59_314Z-eresolve-report.txt
348 silly unfinished npm timer reify 1765883639621
349 silly unfinished npm timer reify:loadTrees 1765883639627
350 silly unfinished npm timer idealTree:buildDeps 1765883639639
351 silly unfinished npm timer idealTree:#root 1765883639639
352 verbose cwd E:\v0-importgithubrepositorymain
353 verbose os Windows_NT 10.0.26200
354 verbose node v20.19.6
355 verbose npm  v10.8.2
356 verbose exit 1
357 verbose code 1
358 error A complete log of this run can be found in: C:\Users\Mohmed Aimen Raed\AppData\Local\npm-cache\_logs\2025-12-16T11_13_59_314Z-debug-0.log
